Compilación iniciada a las 14/05/2012 19:29:05.
     1>Proyecto "C:\Users\Aaron\Documents\Proyecto\Repositorio\SmartInteractive.vcxproj" en el nodo 2 (build destinos).
     1>InitializeBuildStatus:
         Se creará "Debug\SmartInteractive.unsuccessfulbuild" porque se especificó "AlwaysCreate".
       ClCompile:
         c:\Program Files (x86)\Microsoft Visual Studio 10.0\VC\bin\CL.exe /c /I"C:\OgreSDK_vc9_v1-7-2\boost_1_44" /I"C:\OgreSDK_vc9_v1-7-2\include\OGRE" /IC:\Coin3d\include /IC:\OpenCV2.1\include\opencv /IC:\OpenCV2.1\include /I"C:\Program Files (x86)\OpenNI\Include" /I"C:\Program Files (x86)\PrimeSense\NITE\\include" /ZI /nologo /W3 /WX- /Od /Oy- /D WIN32 /D _DEBUG /D _CONSOLE /D COIN_NOT_DLL /D SOWIN_NOT_DLL /D _UNICODE /D UNICODE /Gm /EHsc /RTC1 /MDd /GS /fp:precise /Zc:wchar_t /Zc:forScope /Fo"Debug\\" /Fd"Debug\vc100.pdb" /Gd /TP /analyze- /errorReport:prompt Callbacks.cpp DrawCoin.cpp ImageSource.cpp mainCapture.cpp ProcEventos.cpp Sequencer.cpp SoViewportRegion.cpp TrackUser.cpp
         TrackUser.cpp
     1>c:\program files (x86)\primesense\nite\include\xnvniteevents.h(16): warning C4275: se ha utilizado una interfaz no de DLL class 'XnHash' como base para la interfaz DLL class 'XnVIntHash'
                 c:\program files (x86)\openni\include\xnhash.h(68) : vea la declaración de 'XnHash'
                 c:\program files (x86)\primesense\nite\include\xnvniteevents.h(16) : vea la declaración de 'XnVIntHash'
     1>c:\program files (x86)\primesense\nite\include\xnvniteevents.h(16): warning C4275: se ha utilizado una interfaz no de DLL class 'XnHash::ConstIterator' como base para la interfaz DLL class 'XnVIntHash::ConstIterator'
                 c:\program files (x86)\openni\include\xnhash.h(74) : vea la declaración de 'XnHash::ConstIterator'
                 c:\program files (x86)\primesense\nite\include\xnvniteevents.h(16) : vea la declaración de 'XnVIntHash::ConstIterator'
     1>c:\program files (x86)\primesense\nite\include\xnvniteevents.h(18): warning C4275: se ha utilizado una interfaz no de DLL class 'XnList' como base para la interfaz DLL class 'XnVIntList'
                 c:\program files (x86)\openni\include\xnlist.h(42) : vea la declaración de 'XnList'
                 c:\program files (x86)\primesense\nite\include\xnvniteevents.h(18) : vea la declaración de 'XnVIntList'
     1>c:\program files (x86)\primesense\nite\include\xnvniteevents.h(18): warning C4275: se ha utilizado una interfaz no de DLL class 'XnList::ConstIterator' como base para la interfaz DLL class 'XnVIntList::ConstIterator'
                 c:\program files (x86)\openni\include\xnlist.h(45) : vea la declaración de 'XnList::ConstIterator'
                 c:\program files (x86)\primesense\nite\include\xnvniteevents.h(18) : vea la declaración de 'XnVIntList::ConstIterator'
     1>c:\program files (x86)\primesense\nite\include\xnvmessagelistener.h(169): warning C4275: se ha utilizado una interfaz no de DLL class 'XnThreadSafeQueue' como base para la interfaz DLL class 'XnVMessageListener::XnVMessageQueue'
                 c:\program files (x86)\openni\include\xnthreadsafequeue.h(37) : vea la declaración de 'XnThreadSafeQueue'
                 c:\program files (x86)\primesense\nite\include\xnvmessagelistener.h(169) : vea la declaración de 'XnVMessageListener::XnVMessageQueue'
     1>c:\program files (x86)\primesense\nite\include\xnvmessagelistener.h(189): warning C4251: 'XnVMessageListener::m_UpdateCBs' : class 'XnVMessageListener::XnVMessageSpecificEvent' necesita tener una interfaz DLL para que la utilicen los clientes de class 'XnVMessageListener'
                 c:\program files (x86)\primesense\nite\include\xnvmessagelistener.h(170) : vea la declaración de 'XnVMessageListener::XnVMessageSpecificEvent'
     1>c:\program files (x86)\primesense\nite\include\xnvmessagelistener.h(190): warning C4251: 'XnVMessageListener::m_ActivateCBs' : class 'XnVEvent' necesita tener una interfaz DLL para que la utilicen los clientes de class 'XnVMessageListener'
                 c:\program files (x86)\primesense\nite\include\xnvniteevents.h(20) : vea la declaración de 'XnVEvent'
     1>c:\program files (x86)\primesense\nite\include\xnvmessagelistener.h(191): warning C4251: 'XnVMessageListener::m_DeactivateCBs' : class 'XnVEvent' necesita tener una interfaz DLL para que la utilicen los clientes de class 'XnVMessageListener'
                 c:\program files (x86)\primesense\nite\include\xnvniteevents.h(20) : vea la declaración de 'XnVEvent'
     1>c:\program files (x86)\primesense\nite\include\xnvmessagegenerator.h(77): warning C4275: se ha utilizado una interfaz no de DLL class 'XnHash' como base para la interfaz DLL class 'XnVMessageGenerator::XnVIntMessageListenerHash'
                 c:\program files (x86)\openni\include\xnhash.h(68) : vea la declaración de 'XnHash'
                 c:\program files (x86)\primesense\nite\include\xnvmessagegenerator.h(77) : vea la declaración de 'XnVMessageGenerator::XnVIntMessageListenerHash'
     1>c:\program files (x86)\primesense\nite\include\xnvmessagegenerator.h(77): warning C4275: se ha utilizado una interfaz no de DLL class 'XnHash::ConstIterator' como base para la interfaz DLL class 'XnVMessageGenerator::XnVIntMessageListenerHash::ConstIterator'
                 c:\program files (x86)\openni\include\xnhash.h(74) : vea la declaración de 'XnHash::ConstIterator'
                 c:\program files (x86)\primesense\nite\include\xnvmessagegenerator.h(77) : vea la declaración de 'XnVMessageGenerator::XnVIntMessageListenerHash::ConstIterator'
     1>c:\program files (x86)\primesense\nite\include\xnvmessagegenerator.h(83): warning C4251: 'XnVMessageGenerator::m_Properties' : class 'XnStringsHash' necesita tener una interfaz DLL para que la utilicen los clientes de class 'XnVMessageGenerator'
                 c:\program files (x86)\openni\include\xnstringshash.h(123) : vea la declaración de 'XnStringsHash'
     1>c:\program files (x86)\primesense\nite\include\xnvgesture.h(103): warning C4251: 'XnVGesture::m_StartRecognizeCBs' : class 'XnVGesture::XnVGestureStartRecognizeSpecificEvent' necesita tener una interfaz DLL para que la utilicen los clientes de class 'XnVGesture'
                 c:\program files (x86)\primesense\nite\include\xnvgesture.h(102) : vea la declaración de 'XnVGesture::XnVGestureStartRecognizeSpecificEvent'
     1>c:\program files (x86)\primesense\nite\include\xnvgesture.h(104): warning C4251: 'XnVGesture::m_RecognizeCBs' : class 'XnVGesture::XnVGestureRecognizeSpecificEvent' necesita tener una interfaz DLL para que la utilicen los clientes de class 'XnVGesture'
                 c:\program files (x86)\primesense\nite\include\xnvgesture.h(101) : vea la declaración de 'XnVGesture::XnVGestureRecognizeSpecificEvent'
     1>c:\program files (x86)\primesense\nite\include\xnvpointcontrol.h(281): warning C4251: 'XnVPointControl::m_PointCreateCBs' : class 'XnVPointControl::XnVHandPointContextSpecificEvent' necesita tener una interfaz DLL para que la utilicen los clientes de class 'XnVPointControl'
                 c:\program files (x86)\primesense\nite\include\xnvpointcontrol.h(275) : vea la declaración de 'XnVPointControl::XnVHandPointContextSpecificEvent'
     1>c:\program files (x86)\primesense\nite\include\xnvpointcontrol.h(282): warning C4251: 'XnVPointControl::m_PointUpdateCBs' : class 'XnVPointControl::XnVHandPointContextSpecificEvent' necesita tener una interfaz DLL para que la utilicen los clientes de class 'XnVPointControl'
                 c:\program files (x86)\primesense\nite\include\xnvpointcontrol.h(275) : vea la declaración de 'XnVPointControl::XnVHandPointContextSpecificEvent'
     1>c:\program files (x86)\primesense\nite\include\xnvpointcontrol.h(283): warning C4251: 'XnVPointControl::m_PointDestroyCBs' : class 'XnVUintSpecificEvent' necesita tener una interfaz DLL para que la utilicen los clientes de class 'XnVPointControl'
                 c:\program files (x86)\primesense\nite\include\xnvniteevents.h(23) : vea la declaración de 'XnVUintSpecificEvent'
     1>c:\program files (x86)\primesense\nite\include\xnvpointcontrol.h(285): warning C4251: 'XnVPointControl::m_PrimaryPointCreateCBs' : class 'XnVPointControl::XnVHandPointContextPointSpecificEvent' necesita tener una interfaz DLL para que la utilicen los clientes de class 'XnVPointControl'
                 c:\program files (x86)\primesense\nite\include\xnvpointcontrol.h(278) : vea la declaración de 'XnVPointControl::XnVHandPointContextPointSpecificEvent'
     1>c:\program files (x86)\primesense\nite\include\xnvpointcontrol.h(286): warning C4251: 'XnVPointControl::m_PrimaryPointUpdateCBs' : class 'XnVPointControl::XnVHandPointContextSpecificEvent' necesita tener una interfaz DLL para que la utilicen los clientes de class 'XnVPointControl'
                 c:\program files (x86)\primesense\nite\include\xnvpointcontrol.h(275) : vea la declaración de 'XnVPointControl::XnVHandPointContextSpecificEvent'
     1>c:\program files (x86)\primesense\nite\include\xnvpointcontrol.h(287): warning C4251: 'XnVPointControl::m_PrimaryPointReplaceCBs' : class 'XnVPointControl::XnVUintHandPointContextSpecificEvent' necesita tener una interfaz DLL para que la utilicen los clientes de class 'XnVPointControl'
                 c:\program files (x86)\primesense\nite\include\xnvpointcontrol.h(279) : vea la declaración de 'XnVPointControl::XnVUintHandPointContextSpecificEvent'
     1>c:\program files (x86)\primesense\nite\include\xnvpointcontrol.h(288): warning C4251: 'XnVPointControl::m_PrimaryPointDestroyCBs' : class 'XnVUintSpecificEvent' necesita tener una interfaz DLL para que la utilicen los clientes de class 'XnVPointControl'
                 c:\program files (x86)\primesense\nite\include\xnvniteevents.h(23) : vea la declaración de 'XnVUintSpecificEvent'
     1>c:\program files (x86)\primesense\nite\include\xnvpointcontrol.h(290): warning C4251: 'XnVPointControl::m_NoPointsCBs' : class 'XnVEvent' necesita tener una interfaz DLL para que la utilicen los clientes de class 'XnVPointControl'
                 c:\program files (x86)\primesense\nite\include\xnvniteevents.h(20) : vea la declaración de 'XnVEvent'
     1>c:\program files (x86)\primesense\nite\include\xnvpointcontrol.h(292): warning C4251: 'XnVPointControl::m_HandsUpdateCBs' : class 'XnVPointControl::XnVMultipleHandsSpecificEvent' necesita tener una interfaz DLL para que la utilicen los clientes de class 'XnVPointControl'
                 c:\program files (x86)\primesense\nite\include\xnvpointcontrol.h(276) : vea la declaración de 'XnVPointControl::XnVMultipleHandsSpecificEvent'
     1>c:\program files (x86)\primesense\nite\include\xnvsteadydetector.h(161): warning C4251: 'XnVSteadyDetector::m_SteadyStates' : class 'XnVSteadyDetector::SteadyStates' necesita tener una interfaz DLL para que la utilicen los clientes de class 'XnVSteadyDetector'
                 c:\program files (x86)\primesense\nite\include\xnvsteadydetector.h(160) : vea la declaración de 'XnVSteadyDetector::SteadyStates'
     1>c:\program files (x86)\primesense\nite\include\xnvsteadydetector.h(163): warning C4251: 'XnVSteadyDetector::m_SteadyCBs' : class 'XnVUintFloatSpecificEvent' necesita tener una interfaz DLL para que la utilicen los clientes de class 'XnVSteadyDetector'
                 c:\program files (x86)\primesense\nite\include\xnvniteevents.h(27) : vea la declaración de 'XnVUintFloatSpecificEvent'
     1>c:\program files (x86)\primesense\nite\include\xnvsteadydetector.h(164): warning C4251: 'XnVSteadyDetector::m_NotSteadyCBs' : class 'XnVUintFloatSpecificEvent' necesita tener una interfaz DLL para que la utilicen los clientes de class 'XnVSteadyDetector'
                 c:\program files (x86)\primesense\nite\include\xnvniteevents.h(27) : vea la declaración de 'XnVUintFloatSpecificEvent'
     1>c:\program files (x86)\primesense\nite\include\xnvsessionmanager.h(307): warning C4251: 'XnVSessionManager::m_MainGestures' : class 'XnVSessionManager::GestureHash' necesita tener una interfaz DLL para que la utilicen los clientes de class 'XnVSessionManager'
                 c:\program files (x86)\primesense\nite\include\xnvsessionmanager.h(305) : vea la declaración de 'XnVSessionManager::GestureHash'
     1>c:\program files (x86)\primesense\nite\include\xnvsessionmanager.h(308): warning C4251: 'XnVSessionManager::m_QuickRefocusGestures' : class 'XnVSessionManager::GestureHash' necesita tener una interfaz DLL para que la utilicen los clientes de class 'XnVSessionManager'
                 c:\program files (x86)\primesense\nite\include\xnvsessionmanager.h(305) : vea la declaración de 'XnVSessionManager::GestureHash'
     1>c:\program files (x86)\primesense\nite\include\xnvwavedetector.h(93): warning C4251: 'XnVWaveDetector::m_WaveCBs' : class 'XnVEvent' necesita tener una interfaz DLL para que la utilicen los clientes de class 'XnVWaveDetector'
                 c:\program files (x86)\primesense\nite\include\xnvniteevents.h(20) : vea la declaración de 'XnVEvent'
     1>c:\program files (x86)\microsoft visual studio 10.0\vc\include\stdint.h(17): error C2371: 'int8_t' : nueva definición; tipos básicos distintos
                 c:\coin3d\include\inventor\system\inttypes.h(129) : vea la declaración de 'int8_t'
         SoViewportRegion.cpp
         Sequencer.cpp
     1>c:\users\aaron\documents\proyecto\repositorio\sequencer.cpp(52): warning C4018: '<' : no coinciden signed/unsigned
         ProcEventos.cpp
         mainCapture.cpp
     1>c:\program files (x86)\openni\include\win32\xnplatformwin32.h(42): warning C4005: '_CRT_SECURE_NO_DEPRECATE' : redefinición de macro
                 c:\opencv2.1\include\opencv\cxtypes.h(47) : vea la definición anterior de '_CRT_SECURE_NO_DEPRECATE'
     1>c:\program files (x86)\microsoft visual studio 10.0\vc\include\stdint.h(17): error C2371: 'int8_t' : nueva definición; tipos básicos distintos
                 c:\coin3d\include\inventor\system\inttypes.h(129) : vea la declaración de 'int8_t'
         ImageSource.cpp
     1>c:\program files (x86)\primesense\nite\include\xnvniteevents.h(16): warning C4275: se ha utilizado una interfaz no de DLL class 'XnHash' como base para la interfaz DLL class 'XnVIntHash'
                 c:\program files (x86)\openni\include\xnhash.h(68) : vea la declaración de 'XnHash'
                 c:\program files (x86)\primesense\nite\include\xnvniteevents.h(16) : vea la declaración de 'XnVIntHash'
     1>c:\program files (x86)\primesense\nite\include\xnvniteevents.h(16): warning C4275: se ha utilizado una interfaz no de DLL class 'XnHash::ConstIterator' como base para la interfaz DLL class 'XnVIntHash::ConstIterator'
                 c:\program files (x86)\openni\include\xnhash.h(74) : vea la declaración de 'XnHash::ConstIterator'
                 c:\program files (x86)\primesense\nite\include\xnvniteevents.h(16) : vea la declaración de 'XnVIntHash::ConstIterator'
     1>c:\program files (x86)\primesense\nite\include\xnvniteevents.h(18): warning C4275: se ha utilizado una interfaz no de DLL class 'XnList' como base para la interfaz DLL class 'XnVIntList'
                 c:\program files (x86)\openni\include\xnlist.h(42) : vea la declaración de 'XnList'
                 c:\program files (x86)\primesense\nite\include\xnvniteevents.h(18) : vea la declaración de 'XnVIntList'
     1>c:\program files (x86)\primesense\nite\include\xnvniteevents.h(18): warning C4275: se ha utilizado una interfaz no de DLL class 'XnList::ConstIterator' como base para la interfaz DLL class 'XnVIntList::ConstIterator'
                 c:\program files (x86)\openni\include\xnlist.h(45) : vea la declaración de 'XnList::ConstIterator'
                 c:\program files (x86)\primesense\nite\include\xnvniteevents.h(18) : vea la declaración de 'XnVIntList::ConstIterator'
     1>c:\program files (x86)\primesense\nite\include\xnvmessagelistener.h(169): warning C4275: se ha utilizado una interfaz no de DLL class 'XnThreadSafeQueue' como base para la interfaz DLL class 'XnVMessageListener::XnVMessageQueue'
                 c:\program files (x86)\openni\include\xnthreadsafequeue.h(37) : vea la declaración de 'XnThreadSafeQueue'
                 c:\program files (x86)\primesense\nite\include\xnvmessagelistener.h(169) : vea la declaración de 'XnVMessageListener::XnVMessageQueue'
     1>c:\program files (x86)\primesense\nite\include\xnvmessagelistener.h(189): warning C4251: 'XnVMessageListener::m_UpdateCBs' : class 'XnVMessageListener::XnVMessageSpecificEvent' necesita tener una interfaz DLL para que la utilicen los clientes de class 'XnVMessageListener'
                 c:\program files (x86)\primesense\nite\include\xnvmessagelistener.h(170) : vea la declaración de 'XnVMessageListener::XnVMessageSpecificEvent'
     1>c:\program files (x86)\primesense\nite\include\xnvmessagelistener.h(190): warning C4251: 'XnVMessageListener::m_ActivateCBs' : class 'XnVEvent' necesita tener una interfaz DLL para que la utilicen los clientes de class 'XnVMessageListener'
                 c:\program files (x86)\primesense\nite\include\xnvniteevents.h(20) : vea la declaración de 'XnVEvent'
     1>c:\program files (x86)\primesense\nite\include\xnvmessagelistener.h(191): warning C4251: 'XnVMessageListener::m_DeactivateCBs' : class 'XnVEvent' necesita tener una interfaz DLL para que la utilicen los clientes de class 'XnVMessageListener'
                 c:\program files (x86)\primesense\nite\include\xnvniteevents.h(20) : vea la declaración de 'XnVEvent'
     1>c:\program files (x86)\primesense\nite\include\xnvmessagegenerator.h(77): warning C4275: se ha utilizado una interfaz no de DLL class 'XnHash' como base para la interfaz DLL class 'XnVMessageGenerator::XnVIntMessageListenerHash'
                 c:\program files (x86)\openni\include\xnhash.h(68) : vea la declaración de 'XnHash'
                 c:\program files (x86)\primesense\nite\include\xnvmessagegenerator.h(77) : vea la declaración de 'XnVMessageGenerator::XnVIntMessageListenerHash'
     1>c:\program files (x86)\primesense\nite\include\xnvmessagegenerator.h(77): warning C4275: se ha utilizado una interfaz no de DLL class 'XnHash::ConstIterator' como base para la interfaz DLL class 'XnVMessageGenerator::XnVIntMessageListenerHash::ConstIterator'
                 c:\program files (x86)\openni\include\xnhash.h(74) : vea la declaración de 'XnHash::ConstIterator'
                 c:\program files (x86)\primesense\nite\include\xnvmessagegenerator.h(77) : vea la declaración de 'XnVMessageGenerator::XnVIntMessageListenerHash::ConstIterator'
     1>c:\program files (x86)\primesense\nite\include\xnvmessagegenerator.h(83): warning C4251: 'XnVMessageGenerator::m_Properties' : class 'XnStringsHash' necesita tener una interfaz DLL para que la utilicen los clientes de class 'XnVMessageGenerator'
                 c:\program files (x86)\openni\include\xnstringshash.h(123) : vea la declaración de 'XnStringsHash'
     1>c:\program files (x86)\primesense\nite\include\xnvgesture.h(103): warning C4251: 'XnVGesture::m_StartRecognizeCBs' : class 'XnVGesture::XnVGestureStartRecognizeSpecificEvent' necesita tener una interfaz DLL para que la utilicen los clientes de class 'XnVGesture'
                 c:\program files (x86)\primesense\nite\include\xnvgesture.h(102) : vea la declaración de 'XnVGesture::XnVGestureStartRecognizeSpecificEvent'
     1>c:\program files (x86)\primesense\nite\include\xnvgesture.h(104): warning C4251: 'XnVGesture::m_RecognizeCBs' : class 'XnVGesture::XnVGestureRecognizeSpecificEvent' necesita tener una interfaz DLL para que la utilicen los clientes de class 'XnVGesture'
                 c:\program files (x86)\primesense\nite\include\xnvgesture.h(101) : vea la declaración de 'XnVGesture::XnVGestureRecognizeSpecificEvent'
     1>c:\program files (x86)\primesense\nite\include\xnvpointcontrol.h(281): warning C4251: 'XnVPointControl::m_PointCreateCBs' : class 'XnVPointControl::XnVHandPointContextSpecificEvent' necesita tener una interfaz DLL para que la utilicen los clientes de class 'XnVPointControl'
                 c:\program files (x86)\primesense\nite\include\xnvpointcontrol.h(275) : vea la declaración de 'XnVPointControl::XnVHandPointContextSpecificEvent'
     1>c:\program files (x86)\primesense\nite\include\xnvpointcontrol.h(282): warning C4251: 'XnVPointControl::m_PointUpdateCBs' : class 'XnVPointControl::XnVHandPointContextSpecificEvent' necesita tener una interfaz DLL para que la utilicen los clientes de class 'XnVPointControl'
                 c:\program files (x86)\primesense\nite\include\xnvpointcontrol.h(275) : vea la declaración de 'XnVPointControl::XnVHandPointContextSpecificEvent'
     1>c:\program files (x86)\primesense\nite\include\xnvpointcontrol.h(283): warning C4251: 'XnVPointControl::m_PointDestroyCBs' : class 'XnVUintSpecificEvent' necesita tener una interfaz DLL para que la utilicen los clientes de class 'XnVPointControl'
                 c:\program files (x86)\primesense\nite\include\xnvniteevents.h(23) : vea la declaración de 'XnVUintSpecificEvent'
     1>c:\program files (x86)\primesense\nite\include\xnvpointcontrol.h(285): warning C4251: 'XnVPointControl::m_PrimaryPointCreateCBs' : class 'XnVPointControl::XnVHandPointContextPointSpecificEvent' necesita tener una interfaz DLL para que la utilicen los clientes de class 'XnVPointControl'
                 c:\program files (x86)\primesense\nite\include\xnvpointcontrol.h(278) : vea la declaración de 'XnVPointControl::XnVHandPointContextPointSpecificEvent'
     1>c:\program files (x86)\primesense\nite\include\xnvpointcontrol.h(286): warning C4251: 'XnVPointControl::m_PrimaryPointUpdateCBs' : class 'XnVPointControl::XnVHandPointContextSpecificEvent' necesita tener una interfaz DLL para que la utilicen los clientes de class 'XnVPointControl'
                 c:\program files (x86)\primesense\nite\include\xnvpointcontrol.h(275) : vea la declaración de 'XnVPointControl::XnVHandPointContextSpecificEvent'
     1>c:\program files (x86)\primesense\nite\include\xnvpointcontrol.h(287): warning C4251: 'XnVPointControl::m_PrimaryPointReplaceCBs' : class 'XnVPointControl::XnVUintHandPointContextSpecificEvent' necesita tener una interfaz DLL para que la utilicen los clientes de class 'XnVPointControl'
                 c:\program files (x86)\primesense\nite\include\xnvpointcontrol.h(279) : vea la declaración de 'XnVPointControl::XnVUintHandPointContextSpecificEvent'
     1>c:\program files (x86)\primesense\nite\include\xnvpointcontrol.h(288): warning C4251: 'XnVPointControl::m_PrimaryPointDestroyCBs' : class 'XnVUintSpecificEvent' necesita tener una interfaz DLL para que la utilicen los clientes de class 'XnVPointControl'
                 c:\program files (x86)\primesense\nite\include\xnvniteevents.h(23) : vea la declaración de 'XnVUintSpecificEvent'
     1>c:\program files (x86)\primesense\nite\include\xnvpointcontrol.h(290): warning C4251: 'XnVPointControl::m_NoPointsCBs' : class 'XnVEvent' necesita tener una interfaz DLL para que la utilicen los clientes de class 'XnVPointControl'
                 c:\program files (x86)\primesense\nite\include\xnvniteevents.h(20) : vea la declaración de 'XnVEvent'
     1>c:\program files (x86)\primesense\nite\include\xnvpointcontrol.h(292): warning C4251: 'XnVPointControl::m_HandsUpdateCBs' : class 'XnVPointControl::XnVMultipleHandsSpecificEvent' necesita tener una interfaz DLL para que la utilicen los clientes de class 'XnVPointControl'
                 c:\program files (x86)\primesense\nite\include\xnvpointcontrol.h(276) : vea la declaración de 'XnVPointControl::XnVMultipleHandsSpecificEvent'
     1>c:\program files (x86)\primesense\nite\include\xnvsteadydetector.h(161): warning C4251: 'XnVSteadyDetector::m_SteadyStates' : class 'XnVSteadyDetector::SteadyStates' necesita tener una interfaz DLL para que la utilicen los clientes de class 'XnVSteadyDetector'
                 c:\program files (x86)\primesense\nite\include\xnvsteadydetector.h(160) : vea la declaración de 'XnVSteadyDetector::SteadyStates'
     1>c:\program files (x86)\primesense\nite\include\xnvsteadydetector.h(163): warning C4251: 'XnVSteadyDetector::m_SteadyCBs' : class 'XnVUintFloatSpecificEvent' necesita tener una interfaz DLL para que la utilicen los clientes de class 'XnVSteadyDetector'
                 c:\program files (x86)\primesense\nite\include\xnvniteevents.h(27) : vea la declaración de 'XnVUintFloatSpecificEvent'
     1>c:\program files (x86)\primesense\nite\include\xnvsteadydetector.h(164): warning C4251: 'XnVSteadyDetector::m_NotSteadyCBs' : class 'XnVUintFloatSpecificEvent' necesita tener una interfaz DLL para que la utilicen los clientes de class 'XnVSteadyDetector'
                 c:\program files (x86)\primesense\nite\include\xnvniteevents.h(27) : vea la declaración de 'XnVUintFloatSpecificEvent'
     1>c:\program files (x86)\primesense\nite\include\xnvsessionmanager.h(307): warning C4251: 'XnVSessionManager::m_MainGestures' : class 'XnVSessionManager::GestureHash' necesita tener una interfaz DLL para que la utilicen los clientes de class 'XnVSessionManager'
                 c:\program files (x86)\primesense\nite\include\xnvsessionmanager.h(305) : vea la declaración de 'XnVSessionManager::GestureHash'
     1>c:\program files (x86)\primesense\nite\include\xnvsessionmanager.h(308): warning C4251: 'XnVSessionManager::m_QuickRefocusGestures' : class 'XnVSessionManager::GestureHash' necesita tener una interfaz DLL para que la utilicen los clientes de class 'XnVSessionManager'
                 c:\program files (x86)\primesense\nite\include\xnvsessionmanager.h(305) : vea la declaración de 'XnVSessionManager::GestureHash'
     1>c:\users\aaron\documents\proyecto\repositorio\imagesource.cpp(108): warning C4018: '<' : no coinciden signed/unsigned
         DrawCoin.cpp
     1>c:\program files (x86)\microsoft visual studio 10.0\vc\include\stdint.h(17): error C2371: 'int8_t' : nueva definición; tipos básicos distintos
                 c:\coin3d\include\inventor\system\inttypes.h(129) : vea la declaración de 'int8_t'
         Callbacks.cpp
     1>c:\program files (x86)\primesense\nite\include\xnvniteevents.h(16): warning C4275: se ha utilizado una interfaz no de DLL class 'XnHash' como base para la interfaz DLL class 'XnVIntHash'
                 c:\program files (x86)\openni\include\xnhash.h(68) : vea la declaración de 'XnHash'
                 c:\program files (x86)\primesense\nite\include\xnvniteevents.h(16) : vea la declaración de 'XnVIntHash'
     1>c:\program files (x86)\primesense\nite\include\xnvniteevents.h(16): warning C4275: se ha utilizado una interfaz no de DLL class 'XnHash::ConstIterator' como base para la interfaz DLL class 'XnVIntHash::ConstIterator'
                 c:\program files (x86)\openni\include\xnhash.h(74) : vea la declaración de 'XnHash::ConstIterator'
                 c:\program files (x86)\primesense\nite\include\xnvniteevents.h(16) : vea la declaración de 'XnVIntHash::ConstIterator'
     1>c:\program files (x86)\primesense\nite\include\xnvniteevents.h(18): warning C4275: se ha utilizado una interfaz no de DLL class 'XnList' como base para la interfaz DLL class 'XnVIntList'
                 c:\program files (x86)\openni\include\xnlist.h(42) : vea la declaración de 'XnList'
                 c:\program files (x86)\primesense\nite\include\xnvniteevents.h(18) : vea la declaración de 'XnVIntList'
     1>c:\program files (x86)\primesense\nite\include\xnvniteevents.h(18): warning C4275: se ha utilizado una interfaz no de DLL class 'XnList::ConstIterator' como base para la interfaz DLL class 'XnVIntList::ConstIterator'
                 c:\program files (x86)\openni\include\xnlist.h(45) : vea la declaración de 'XnList::ConstIterator'
                 c:\program files (x86)\primesense\nite\include\xnvniteevents.h(18) : vea la declaración de 'XnVIntList::ConstIterator'
     1>c:\program files (x86)\primesense\nite\include\xnvmessagelistener.h(169): warning C4275: se ha utilizado una interfaz no de DLL class 'XnThreadSafeQueue' como base para la interfaz DLL class 'XnVMessageListener::XnVMessageQueue'
                 c:\program files (x86)\openni\include\xnthreadsafequeue.h(37) : vea la declaración de 'XnThreadSafeQueue'
                 c:\program files (x86)\primesense\nite\include\xnvmessagelistener.h(169) : vea la declaración de 'XnVMessageListener::XnVMessageQueue'
     1>c:\program files (x86)\primesense\nite\include\xnvmessagelistener.h(189): warning C4251: 'XnVMessageListener::m_UpdateCBs' : class 'XnVMessageListener::XnVMessageSpecificEvent' necesita tener una interfaz DLL para que la utilicen los clientes de class 'XnVMessageListener'
                 c:\program files (x86)\primesense\nite\include\xnvmessagelistener.h(170) : vea la declaración de 'XnVMessageListener::XnVMessageSpecificEvent'
     1>c:\program files (x86)\primesense\nite\include\xnvmessagelistener.h(190): warning C4251: 'XnVMessageListener::m_ActivateCBs' : class 'XnVEvent' necesita tener una interfaz DLL para que la utilicen los clientes de class 'XnVMessageListener'
                 c:\program files (x86)\primesense\nite\include\xnvniteevents.h(20) : vea la declaración de 'XnVEvent'
     1>c:\program files (x86)\primesense\nite\include\xnvmessagelistener.h(191): warning C4251: 'XnVMessageListener::m_DeactivateCBs' : class 'XnVEvent' necesita tener una interfaz DLL para que la utilicen los clientes de class 'XnVMessageListener'
                 c:\program files (x86)\primesense\nite\include\xnvniteevents.h(20) : vea la declaración de 'XnVEvent'
     1>c:\program files (x86)\primesense\nite\include\xnvmessagegenerator.h(77): warning C4275: se ha utilizado una interfaz no de DLL class 'XnHash' como base para la interfaz DLL class 'XnVMessageGenerator::XnVIntMessageListenerHash'
                 c:\program files (x86)\openni\include\xnhash.h(68) : vea la declaración de 'XnHash'
                 c:\program files (x86)\primesense\nite\include\xnvmessagegenerator.h(77) : vea la declaración de 'XnVMessageGenerator::XnVIntMessageListenerHash'
     1>c:\program files (x86)\primesense\nite\include\xnvmessagegenerator.h(77): warning C4275: se ha utilizado una interfaz no de DLL class 'XnHash::ConstIterator' como base para la interfaz DLL class 'XnVMessageGenerator::XnVIntMessageListenerHash::ConstIterator'
                 c:\program files (x86)\openni\include\xnhash.h(74) : vea la declaración de 'XnHash::ConstIterator'
                 c:\program files (x86)\primesense\nite\include\xnvmessagegenerator.h(77) : vea la declaración de 'XnVMessageGenerator::XnVIntMessageListenerHash::ConstIterator'
     1>c:\program files (x86)\primesense\nite\include\xnvmessagegenerator.h(83): warning C4251: 'XnVMessageGenerator::m_Properties' : class 'XnStringsHash' necesita tener una interfaz DLL para que la utilicen los clientes de class 'XnVMessageGenerator'
                 c:\program files (x86)\openni\include\xnstringshash.h(123) : vea la declaración de 'XnStringsHash'
     1>c:\program files (x86)\primesense\nite\include\xnvgesture.h(103): warning C4251: 'XnVGesture::m_StartRecognizeCBs' : class 'XnVGesture::XnVGestureStartRecognizeSpecificEvent' necesita tener una interfaz DLL para que la utilicen los clientes de class 'XnVGesture'
                 c:\program files (x86)\primesense\nite\include\xnvgesture.h(102) : vea la declaración de 'XnVGesture::XnVGestureStartRecognizeSpecificEvent'
     1>c:\program files (x86)\primesense\nite\include\xnvgesture.h(104): warning C4251: 'XnVGesture::m_RecognizeCBs' : class 'XnVGesture::XnVGestureRecognizeSpecificEvent' necesita tener una interfaz DLL para que la utilicen los clientes de class 'XnVGesture'
                 c:\program files (x86)\primesense\nite\include\xnvgesture.h(101) : vea la declaración de 'XnVGesture::XnVGestureRecognizeSpecificEvent'
     1>c:\program files (x86)\primesense\nite\include\xnvpointcontrol.h(281): warning C4251: 'XnVPointControl::m_PointCreateCBs' : class 'XnVPointControl::XnVHandPointContextSpecificEvent' necesita tener una interfaz DLL para que la utilicen los clientes de class 'XnVPointControl'
                 c:\program files (x86)\primesense\nite\include\xnvpointcontrol.h(275) : vea la declaración de 'XnVPointControl::XnVHandPointContextSpecificEvent'
     1>c:\program files (x86)\primesense\nite\include\xnvpointcontrol.h(282): warning C4251: 'XnVPointControl::m_PointUpdateCBs' : class 'XnVPointControl::XnVHandPointContextSpecificEvent' necesita tener una interfaz DLL para que la utilicen los clientes de class 'XnVPointControl'
                 c:\program files (x86)\primesense\nite\include\xnvpointcontrol.h(275) : vea la declaración de 'XnVPointControl::XnVHandPointContextSpecificEvent'
     1>c:\program files (x86)\primesense\nite\include\xnvpointcontrol.h(283): warning C4251: 'XnVPointControl::m_PointDestroyCBs' : class 'XnVUintSpecificEvent' necesita tener una interfaz DLL para que la utilicen los clientes de class 'XnVPointControl'
                 c:\program files (x86)\primesense\nite\include\xnvniteevents.h(23) : vea la declaración de 'XnVUintSpecificEvent'
     1>c:\program files (x86)\primesense\nite\include\xnvpointcontrol.h(285): warning C4251: 'XnVPointControl::m_PrimaryPointCreateCBs' : class 'XnVPointControl::XnVHandPointContextPointSpecificEvent' necesita tener una interfaz DLL para que la utilicen los clientes de class 'XnVPointControl'
                 c:\program files (x86)\primesense\nite\include\xnvpointcontrol.h(278) : vea la declaración de 'XnVPointControl::XnVHandPointContextPointSpecificEvent'
     1>c:\program files (x86)\primesense\nite\include\xnvpointcontrol.h(286): warning C4251: 'XnVPointControl::m_PrimaryPointUpdateCBs' : class 'XnVPointControl::XnVHandPointContextSpecificEvent' necesita tener una interfaz DLL para que la utilicen los clientes de class 'XnVPointControl'
                 c:\program files (x86)\primesense\nite\include\xnvpointcontrol.h(275) : vea la declaración de 'XnVPointControl::XnVHandPointContextSpecificEvent'
     1>c:\program files (x86)\primesense\nite\include\xnvpointcontrol.h(287): warning C4251: 'XnVPointControl::m_PrimaryPointReplaceCBs' : class 'XnVPointControl::XnVUintHandPointContextSpecificEvent' necesita tener una interfaz DLL para que la utilicen los clientes de class 'XnVPointControl'
                 c:\program files (x86)\primesense\nite\include\xnvpointcontrol.h(279) : vea la declaración de 'XnVPointControl::XnVUintHandPointContextSpecificEvent'
     1>c:\program files (x86)\primesense\nite\include\xnvpointcontrol.h(288): warning C4251: 'XnVPointControl::m_PrimaryPointDestroyCBs' : class 'XnVUintSpecificEvent' necesita tener una interfaz DLL para que la utilicen los clientes de class 'XnVPointControl'
                 c:\program files (x86)\primesense\nite\include\xnvniteevents.h(23) : vea la declaración de 'XnVUintSpecificEvent'
     1>c:\program files (x86)\primesense\nite\include\xnvpointcontrol.h(290): warning C4251: 'XnVPointControl::m_NoPointsCBs' : class 'XnVEvent' necesita tener una interfaz DLL para que la utilicen los clientes de class 'XnVPointControl'
                 c:\program files (x86)\primesense\nite\include\xnvniteevents.h(20) : vea la declaración de 'XnVEvent'
     1>c:\program files (x86)\primesense\nite\include\xnvpointcontrol.h(292): warning C4251: 'XnVPointControl::m_HandsUpdateCBs' : class 'XnVPointControl::XnVMultipleHandsSpecificEvent' necesita tener una interfaz DLL para que la utilicen los clientes de class 'XnVPointControl'
                 c:\program files (x86)\primesense\nite\include\xnvpointcontrol.h(276) : vea la declaración de 'XnVPointControl::XnVMultipleHandsSpecificEvent'
     1>c:\program files (x86)\primesense\nite\include\xnvsteadydetector.h(161): warning C4251: 'XnVSteadyDetector::m_SteadyStates' : class 'XnVSteadyDetector::SteadyStates' necesita tener una interfaz DLL para que la utilicen los clientes de class 'XnVSteadyDetector'
                 c:\program files (x86)\primesense\nite\include\xnvsteadydetector.h(160) : vea la declaración de 'XnVSteadyDetector::SteadyStates'
     1>c:\program files (x86)\primesense\nite\include\xnvsteadydetector.h(163): warning C4251: 'XnVSteadyDetector::m_SteadyCBs' : class 'XnVUintFloatSpecificEvent' necesita tener una interfaz DLL para que la utilicen los clientes de class 'XnVSteadyDetector'
                 c:\program files (x86)\primesense\nite\include\xnvniteevents.h(27) : vea la declaración de 'XnVUintFloatSpecificEvent'
     1>c:\program files (x86)\primesense\nite\include\xnvsteadydetector.h(164): warning C4251: 'XnVSteadyDetector::m_NotSteadyCBs' : class 'XnVUintFloatSpecificEvent' necesita tener una interfaz DLL para que la utilicen los clientes de class 'XnVSteadyDetector'
                 c:\program files (x86)\primesense\nite\include\xnvniteevents.h(27) : vea la declaración de 'XnVUintFloatSpecificEvent'
     1>c:\program files (x86)\primesense\nite\include\xnvsessionmanager.h(307): warning C4251: 'XnVSessionManager::m_MainGestures' : class 'XnVSessionManager::GestureHash' necesita tener una interfaz DLL para que la utilicen los clientes de class 'XnVSessionManager'
                 c:\program files (x86)\primesense\nite\include\xnvsessionmanager.h(305) : vea la declaración de 'XnVSessionManager::GestureHash'
     1>c:\program files (x86)\primesense\nite\include\xnvsessionmanager.h(308): warning C4251: 'XnVSessionManager::m_QuickRefocusGestures' : class 'XnVSessionManager::GestureHash' necesita tener una interfaz DLL para que la utilicen los clientes de class 'XnVSessionManager'
                 c:\program files (x86)\primesense\nite\include\xnvsessionmanager.h(305) : vea la declaración de 'XnVSessionManager::GestureHash'
     1>c:\program files (x86)\primesense\nite\include\xnvwavedetector.h(93): warning C4251: 'XnVWaveDetector::m_WaveCBs' : class 'XnVEvent' necesita tener una interfaz DLL para que la utilicen los clientes de class 'XnVWaveDetector'
                 c:\program files (x86)\primesense\nite\include\xnvniteevents.h(20) : vea la declaración de 'XnVEvent'
         Generando código...
     1>Compilación del proyecto terminada "C:\Users\Aaron\Documents\Proyecto\Repositorio\SmartInteractive.vcxproj" (build destinos) -- ERROR.

ERROR al compilar.

Tiempo transcurrido 00:01:36.66
